<?xml version="1.0" encoding="UTF-8" ?>
<testsuite failures="0" time="0.426" errors="0" skipped="0" tests="3" name="adcowebsolutions.crypto.PasswordManagerTest">
  <properties>
    <property name="java.runtime.name" value="Java(TM) SE Runtime Environment"/>
    <property name="sun.boot.library.path" value="/etc/jdk1.6.0_23/jre/lib/amd64"/>
    <property name="java.vm.version" value="19.0-b09"/>
    <property name="java.vm.vendor" value="Sun Microsystems Inc."/>
    <property name="java.vendor.url" value="http://java.sun.com/"/>
    <property name="path.separator" value=":"/>
    <property name="java.vm.name" value="Java HotSpot(TM) 64-Bit Server VM"/>
    <property name="file.encoding.pkg" value="sun.io"/>
    <property name="user.country" value="AU"/>
    <property name="sun.java.launcher" value="SUN_STANDARD"/>
    <property name="sun.os.patch.level" value="unknown"/>
    <property name="java.vm.specification.name" value="Java Virtual Machine Specification"/>
    <property name="user.dir" value="/home/russell/workspace/adco-common"/>
    <property name="java.runtime.version" value="1.6.0_23-b05"/>
    <property name="java.awt.graphicsenv" value="sun.awt.X11GraphicsEnvironment"/>
    <property name="basedir" value="/home/russell/workspace/adco-common"/>
    <property name="java.endorsed.dirs" value="/etc/jdk1.6.0_23/jre/lib/endorsed"/>
    <property name="os.arch" value="amd64"/>
    <property name="surefire.real.class.path" value="/home/russell/workspace/adco-common/target/surefire/surefirebooter8203128379259570309.jar"/>
    <property name="java.io.tmpdir" value="/tmp"/>
    <property name="line.separator" value="
"/>
    <property name="java.vm.specification.vendor" value="Sun Microsystems Inc."/>
    <property name="os.name" value="Linux"/>
    <property name="sun.jnu.encoding" value="UTF-8"/>
    <property name="java.library.path" value="/etc/jdk1.6.0_23/jre/lib/amd64/server:/etc/jdk1.6.0_23/jre/lib/amd64:/etc/jdk1.6.0_23/jre/../lib/amd64:/usr/java/packages/lib/amd64:/usr/lib64:/lib64:/lib:/usr/lib"/>
    <property name="surefire.test.class.path" value="/home/russell/workspace/adco-common/target/test-classes:/home/russell/workspace/adco-common/target/classes:/home/russell/.m2/repository/org/springframework/spring-core/3.0.5.RELEASE/spring-core-3.0.5.RELEASE.jar:/home/russell/.m2/repository/org/springframework/spring-asm/3.0.5.RELEASE/spring-asm-3.0.5.RELEASE.jar:/home/russell/.m2/repository/commons-logging/commons-logging/1.1.1/commons-logging-1.1.1.jar:/home/russell/.m2/repository/org/springframework/spring-beans/3.0.5.RELEASE/spring-beans-3.0.5.RELEASE.jar:/home/russell/.m2/repository/org/springframework/spring-web/3.0.5.RELEASE/spring-web-3.0.5.RELEASE.jar:/home/russell/.m2/repository/aopalliance/aopalliance/1.0/aopalliance-1.0.jar:/home/russell/.m2/repository/org/springframework/spring-context/3.0.5.RELEASE/spring-context-3.0.5.RELEASE.jar:/home/russell/.m2/repository/org/springframework/spring-expression/3.0.5.RELEASE/spring-expression-3.0.5.RELEASE.jar:/home/russell/.m2/repository/org/springframework/spring-aop/3.0.5.RELEASE/spring-aop-3.0.5.RELEASE.jar:/home/russell/.m2/repository/org/springframework/spring-context-support/3.0.5.RELEASE/spring-context-support-3.0.5.RELEASE.jar:/home/russell/.m2/repository/org/springframework/spring-tx/3.0.5.RELEASE/spring-tx-3.0.5.RELEASE.jar:/home/russell/.m2/repository/org/springframework/spring-orm/3.0.5.RELEASE/spring-orm-3.0.5.RELEASE.jar:/home/russell/.m2/repository/org/springframework/spring-jdbc/3.0.5.RELEASE/spring-jdbc-3.0.5.RELEASE.jar:/home/russell/.m2/repository/org/springframework/spring-test/3.0.5.RELEASE/spring-test-3.0.5.RELEASE.jar:/home/russell/.m2/repository/org/springframework/security/spring-security-core/3.0.3.RELEASE/spring-security-core-3.0.3.RELEASE.jar:/home/russell/.m2/repository/org/aspectj/aspectjrt/1.6.8/aspectjrt-1.6.8.jar:/home/russell/.m2/repository/org/aspectj/aspectjweaver/1.6.8/aspectjweaver-1.6.8.jar:/home/russell/.m2/repository/org/springframework/security/spring-security-web/3.0.3.RELEASE/spring-security-web-3.0.3.RELEASE.jar:/home/russell/.m2/repository/org/springframework/security/spring-security-config/3.0.3.RELEASE/spring-security-config-3.0.3.RELEASE.jar:/home/russell/.m2/repository/org/apache/poi/poi/3.2-FINAL/poi-3.2-FINAL.jar:/home/russell/.m2/repository/com/lowagie/itext/2.1.7/itext-2.1.7.jar:/home/russell/.m2/repository/bouncycastle/bcmail-jdk14/138/bcmail-jdk14-138.jar:/home/russell/.m2/repository/bouncycastle/bcprov-jdk14/138/bcprov-jdk14-138.jar:/home/russell/.m2/repository/org/bouncycastle/bctsp-jdk14/1.38/bctsp-jdk14-1.38.jar:/home/russell/.m2/repository/org/bouncycastle/bcprov-jdk14/1.38/bcprov-jdk14-1.38.jar:/home/russell/.m2/repository/org/bouncycastle/bcmail-jdk14/1.38/bcmail-jdk14-1.38.jar:/home/russell/.m2/repository/org/primefaces/primefaces/3.0.M2/primefaces-3.0.M2.jar:/home/russell/.m2/repository/com/sun/faces/jsf-api/2.1.2/jsf-api-2.1.2.jar:/home/russell/.m2/repository/com/sun/faces/jsf-impl/2.1.2/jsf-impl-2.1.2.jar:/home/russell/.m2/repository/javax/servlet/servlet-api/2.5/servlet-api-2.5.jar:/home/russell/.m2/repository/org/hibernate/java-persistence/jpa-api/2.0-cr-1/jpa-api-2.0-cr-1.jar:/home/russell/.m2/repository/org/hibernate/hibernate-entitymanager/3.5.1-Final/hibernate-entitymanager-3.5.1-Final.jar:/home/russell/.m2/repository/org/hibernate/hibernate-core/3.5.1-Final/hibernate-core-3.5.1-Final.jar:/home/russell/.m2/repository/antlr/antlr/2.7.6/antlr-2.7.6.jar:/home/russell/.m2/repository/commons-collections/commons-collections/3.1/commons-collections-3.1.jar:/home/russell/.m2/repository/dom4j/dom4j/1.6.1/dom4j-1.6.1.jar:/home/russell/.m2/repository/xml-apis/xml-apis/1.0.b2/xml-apis-1.0.b2.jar:/home/russell/.m2/repository/javax/transaction/jta/1.1/jta-1.1.jar:/home/russell/.m2/repository/cglib/cglib/2.2/cglib-2.2.jar:/home/russell/.m2/repository/asm/asm/3.1/asm-3.1.jar:/home/russell/.m2/repository/javassist/javassist/3.9.0.GA/javassist-3.9.0.GA.jar:/home/russell/.m2/repository/org/hibernate/javax/persistence/hibernate-jpa-2.0-api/1.0.0.Final/hibernate-jpa-2.0-api-1.0.0.Final.jar:/home/russell/.m2/repository/org/hibernate/hibernate-annotations/3.5.1-Final/hibernate-annotations-3.5.1-Final.jar:/home/russell/.m2/repository/org/hibernate/hibernate-commons-annotations/3.2.0.Final/hibernate-commons-annotations-3.2.0.Final.jar:/home/russell/.m2/repository/org/hibernate/hibernate-validator/4.1.0.Final/hibernate-validator-4.1.0.Final.jar:/home/russell/.m2/repository/javax/validation/validation-api/1.0.0.GA/validation-api-1.0.0.GA.jar:/home/russell/.m2/repository/org/slf4j/slf4j-api/1.5.10/slf4j-api-1.5.10.jar:/home/russell/.m2/repository/org/slf4j/jcl-over-slf4j/1.5.10/jcl-over-slf4j-1.5.10.jar:/home/russell/.m2/repository/org/slf4j/slf4j-log4j12/1.5.10/slf4j-log4j12-1.5.10.jar:/home/russell/.m2/repository/log4j/log4j/1.2.16/log4j-1.2.16.jar:/home/russell/.m2/repository/c3p0/c3p0/0.9.1.2/c3p0-0.9.1.2.jar:/home/russell/.m2/repository/org/springframework/security/facelets-taglib-jsf20-spring-3/0.5/facelets-taglib-jsf20-spring-3-0.5.jar:/home/russell/.m2/repository/junit/junit/4.8.2/junit-4.8.2.jar:"/>
    <property name="java.specification.name" value="Java Platform API Specification"/>
    <property name="java.class.version" value="50.0"/>
    <property name="sun.management.compiler" value="HotSpot 64-Bit Server Compiler"/>
    <property name="os.version" value="2.6.32-31-generic"/>
    <property name="user.home" value="/home/russell"/>
    <property name="user.timezone" value="Australia/Brisbane"/>
    <property name="java.awt.printerjob" value="sun.print.PSPrinterJob"/>
    <property name="file.encoding" value="UTF-8"/>
    <property name="java.specification.version" value="1.6"/>
    <property name="user.name" value="russell"/>
    <property name="java.class.path" value="/home/russell/workspace/adco-common/target/test-classes:/home/russell/workspace/adco-common/target/classes:/home/russell/.m2/repository/org/springframework/spring-core/3.0.5.RELEASE/spring-core-3.0.5.RELEASE.jar:/home/russell/.m2/repository/org/springframework/spring-asm/3.0.5.RELEASE/spring-asm-3.0.5.RELEASE.jar:/home/russell/.m2/repository/commons-logging/commons-logging/1.1.1/commons-logging-1.1.1.jar:/home/russell/.m2/repository/org/springframework/spring-beans/3.0.5.RELEASE/spring-beans-3.0.5.RELEASE.jar:/home/russell/.m2/repository/org/springframework/spring-web/3.0.5.RELEASE/spring-web-3.0.5.RELEASE.jar:/home/russell/.m2/repository/aopalliance/aopalliance/1.0/aopalliance-1.0.jar:/home/russell/.m2/repository/org/springframework/spring-context/3.0.5.RELEASE/spring-context-3.0.5.RELEASE.jar:/home/russell/.m2/repository/org/springframework/spring-expression/3.0.5.RELEASE/spring-expression-3.0.5.RELEASE.jar:/home/russell/.m2/repository/org/springframework/spring-aop/3.0.5.RELEASE/spring-aop-3.0.5.RELEASE.jar:/home/russell/.m2/repository/org/springframework/spring-context-support/3.0.5.RELEASE/spring-context-support-3.0.5.RELEASE.jar:/home/russell/.m2/repository/org/springframework/spring-tx/3.0.5.RELEASE/spring-tx-3.0.5.RELEASE.jar:/home/russell/.m2/repository/org/springframework/spring-orm/3.0.5.RELEASE/spring-orm-3.0.5.RELEASE.jar:/home/russell/.m2/repository/org/springframework/spring-jdbc/3.0.5.RELEASE/spring-jdbc-3.0.5.RELEASE.jar:/home/russell/.m2/repository/org/springframework/spring-test/3.0.5.RELEASE/spring-test-3.0.5.RELEASE.jar:/home/russell/.m2/repository/org/springframework/security/spring-security-core/3.0.3.RELEASE/spring-security-core-3.0.3.RELEASE.jar:/home/russell/.m2/repository/org/aspectj/aspectjrt/1.6.8/aspectjrt-1.6.8.jar:/home/russell/.m2/repository/org/aspectj/aspectjweaver/1.6.8/aspectjweaver-1.6.8.jar:/home/russell/.m2/repository/org/springframework/security/spring-security-web/3.0.3.RELEASE/spring-security-web-3.0.3.RELEASE.jar:/home/russell/.m2/repository/org/springframework/security/spring-security-config/3.0.3.RELEASE/spring-security-config-3.0.3.RELEASE.jar:/home/russell/.m2/repository/org/apache/poi/poi/3.2-FINAL/poi-3.2-FINAL.jar:/home/russell/.m2/repository/com/lowagie/itext/2.1.7/itext-2.1.7.jar:/home/russell/.m2/repository/bouncycastle/bcmail-jdk14/138/bcmail-jdk14-138.jar:/home/russell/.m2/repository/bouncycastle/bcprov-jdk14/138/bcprov-jdk14-138.jar:/home/russell/.m2/repository/org/bouncycastle/bctsp-jdk14/1.38/bctsp-jdk14-1.38.jar:/home/russell/.m2/repository/org/bouncycastle/bcprov-jdk14/1.38/bcprov-jdk14-1.38.jar:/home/russell/.m2/repository/org/bouncycastle/bcmail-jdk14/1.38/bcmail-jdk14-1.38.jar:/home/russell/.m2/repository/org/primefaces/primefaces/3.0.M2/primefaces-3.0.M2.jar:/home/russell/.m2/repository/com/sun/faces/jsf-api/2.1.2/jsf-api-2.1.2.jar:/home/russell/.m2/repository/com/sun/faces/jsf-impl/2.1.2/jsf-impl-2.1.2.jar:/home/russell/.m2/repository/javax/servlet/servlet-api/2.5/servlet-api-2.5.jar:/home/russell/.m2/repository/org/hibernate/java-persistence/jpa-api/2.0-cr-1/jpa-api-2.0-cr-1.jar:/home/russell/.m2/repository/org/hibernate/hibernate-entitymanager/3.5.1-Final/hibernate-entitymanager-3.5.1-Final.jar:/home/russell/.m2/repository/org/hibernate/hibernate-core/3.5.1-Final/hibernate-core-3.5.1-Final.jar:/home/russell/.m2/repository/antlr/antlr/2.7.6/antlr-2.7.6.jar:/home/russell/.m2/repository/commons-collections/commons-collections/3.1/commons-collections-3.1.jar:/home/russell/.m2/repository/dom4j/dom4j/1.6.1/dom4j-1.6.1.jar:/home/russell/.m2/repository/xml-apis/xml-apis/1.0.b2/xml-apis-1.0.b2.jar:/home/russell/.m2/repository/javax/transaction/jta/1.1/jta-1.1.jar:/home/russell/.m2/repository/cglib/cglib/2.2/cglib-2.2.jar:/home/russell/.m2/repository/asm/asm/3.1/asm-3.1.jar:/home/russell/.m2/repository/javassist/javassist/3.9.0.GA/javassist-3.9.0.GA.jar:/home/russell/.m2/repository/org/hibernate/javax/persistence/hibernate-jpa-2.0-api/1.0.0.Final/hibernate-jpa-2.0-api-1.0.0.Final.jar:/home/russell/.m2/repository/org/hibernate/hibernate-annotations/3.5.1-Final/hibernate-annotations-3.5.1-Final.jar:/home/russell/.m2/repository/org/hibernate/hibernate-commons-annotations/3.2.0.Final/hibernate-commons-annotations-3.2.0.Final.jar:/home/russell/.m2/repository/org/hibernate/hibernate-validator/4.1.0.Final/hibernate-validator-4.1.0.Final.jar:/home/russell/.m2/repository/javax/validation/validation-api/1.0.0.GA/validation-api-1.0.0.GA.jar:/home/russell/.m2/repository/org/slf4j/slf4j-api/1.5.10/slf4j-api-1.5.10.jar:/home/russell/.m2/repository/org/slf4j/jcl-over-slf4j/1.5.10/jcl-over-slf4j-1.5.10.jar:/home/russell/.m2/repository/org/slf4j/slf4j-log4j12/1.5.10/slf4j-log4j12-1.5.10.jar:/home/russell/.m2/repository/log4j/log4j/1.2.16/log4j-1.2.16.jar:/home/russell/.m2/repository/c3p0/c3p0/0.9.1.2/c3p0-0.9.1.2.jar:/home/russell/.m2/repository/org/springframework/security/facelets-taglib-jsf20-spring-3/0.5/facelets-taglib-jsf20-spring-3-0.5.jar:/home/russell/.m2/repository/junit/junit/4.8.2/junit-4.8.2.jar:"/>
    <property name="java.vm.specification.version" value="1.0"/>
    <property name="sun.arch.data.model" value="64"/>
    <property name="java.home" value="/etc/jdk1.6.0_23/jre"/>
    <property name="java.specification.vendor" value="Sun Microsystems Inc."/>
    <property name="user.language" value="en"/>
    <property name="java.vm.info" value="mixed mode"/>
    <property name="java.version" value="1.6.0_23"/>
    <property name="java.ext.dirs" value="/etc/jdk1.6.0_23/jre/lib/ext:/usr/java/packages/lib/ext"/>
    <property name="sun.boot.class.path" value="/etc/jdk1.6.0_23/jre/lib/resources.jar:/etc/jdk1.6.0_23/jre/lib/rt.jar:/etc/jdk1.6.0_23/jre/lib/sunrsasign.jar:/etc/jdk1.6.0_23/jre/lib/jsse.jar:/etc/jdk1.6.0_23/jre/lib/jce.jar:/etc/jdk1.6.0_23/jre/lib/charsets.jar:/etc/jdk1.6.0_23/jre/lib/modules/jdk.boot.jar:/etc/jdk1.6.0_23/jre/classes"/>
    <property name="java.vendor" value="Sun Microsystems Inc."/>
    <property name="localRepository" value="/home/russell/.m2/repository"/>
    <property name="file.separator" value="/"/>
    <property name="java.vendor.url.bug" value="http://java.sun.com/cgi-bin/bugreport.cgi"/>
    <property name="sun.cpu.endian" value="little"/>
    <property name="sun.io.unicode.encoding" value="UnicodeLittle"/>
    <property name="sun.desktop" value="gnome"/>
    <property name="sun.cpu.isalist" value=""/>
  </properties>
  <testcase time="0.302" classname="adcowebsolutions.crypto.PasswordManagerTest" name="testEncodePassword"/>
  <testcase time="0.001" classname="adcowebsolutions.crypto.PasswordManagerTest" name="testGeneratePassword"/>
  <testcase time="0" classname="adcowebsolutions.crypto.PasswordManagerTest" name="testIsPasswordValid"/>
</testsuite>