<?xml version="1.0" encoding="UTF-8" ?>
<testsuite failures="0" time="0.021" errors="0" skipped="0" tests="1" name="adcowebsolutions.utils.ImageUtilsTest">
  <properties>
    <property name="java.runtime.name" value="Java(TM) SE Runtime Environment"/>
    <property name="sun.boot.library.path" value="/etc/jdk1.6.0_23/jre/lib/amd64"/>
    <property name="java.vm.version" value="19.0-b09"/>
    <property name="java.vm.vendor" value="Sun Microsystems Inc."/>
    <property name="java.vendor.url" value="http://java.sun.com/"/>
    <property name="path.separator" value=":"/>
    <property name="java.vm.name" value="Java HotSpot(TM) 64-Bit Server VM"/>
    <property name="file.encoding.pkg" value="sun.io"/>
    <property name="user.country" value="AU"/>
    <property name="sun.java.launcher" value="SUN_STANDARD"/>
    <property name="sun.os.patch.level" value="unknown"/>
    <property name="java.vm.specification.name" value="Java Virtual Machine Specification"/>
    <property name="user.dir" value="/home/russell/workspace/adco-common"/>
    <property name="java.runtime.version" value="1.6.0_23-b05"/>
    <property name="java.awt.graphicsenv" value="sun.awt.X11GraphicsEnvironment"/>
    <property name="basedir" value="/home/russell/workspace/adco-common"/>
    <property name="java.endorsed.dirs" value="/etc/jdk1.6.0_23/jre/lib/endorsed"/>
    <property name="os.arch" value="amd64"/>
    <property name="surefire.real.class.path" value="/home/russell/workspace/adco-common/target/surefire/surefirebooter1697361267668908290.jar"/>
    <property name="java.io.tmpdir" value="/tmp"/>
    <property name="line.separator" value="
"/>
    <property name="java.vm.specification.vendor" value="Sun Microsystems Inc."/>
    <property name="os.name" value="Linux"/>
    <property name="sun.jnu.encoding" value="UTF-8"/>
    <property name="java.library.path" value="/etc/jdk1.6.0_23/jre/lib/amd64/server:/etc/jdk1.6.0_23/jre/lib/amd64:/etc/jdk1.6.0_23/jre/../lib/amd64:/usr/java/packages/lib/amd64:/usr/lib64:/lib64:/lib:/usr/lib"/>
    <property name="surefire.test.class.path" value="/home/russell/workspace/adco-common/target/test-classes:/home/russell/workspace/adco-common/target/classes:/home/russell/.m2/repository/org/springframework/spring-core/3.0.5.RELEASE/spring-core-3.0.5.RELEASE.jar:/home/russell/.m2/repository/org/springframework/spring-asm/3.0.5.RELEASE/spring-asm-3.0.5.RELEASE.jar:/home/russell/.m2/repository/commons-logging/commons-logging/1.1.1/commons-logging-1.1.1.jar:/home/russell/.m2/repository/org/springframework/spring-beans/3.0.5.RELEASE/spring-beans-3.0.5.RELEASE.jar:/home/russell/.m2/repository/org/springframework/spring-web/3.0.5.RELEASE/spring-web-3.0.5.RELEASE.jar:/home/russell/.m2/repository/aopalliance/aopalliance/1.0/aopalliance-1.0.jar:/home/russell/.m2/repository/org/springframework/spring-webmvc/3.0.5.RELEASE/spring-webmvc-3.0.5.RELEASE.jar:/home/russell/.m2/repository/org/springframework/spring-expression/3.0.5.RELEASE/spring-expression-3.0.5.RELEASE.jar:/home/russell/.m2/repository/org/springframework/spring-context/3.0.5.RELEASE/spring-context-3.0.5.RELEASE.jar:/home/russell/.m2/repository/org/springframework/spring-aop/3.0.5.RELEASE/spring-aop-3.0.5.RELEASE.jar:/home/russell/.m2/repository/org/springframework/spring-context-support/3.0.5.RELEASE/spring-context-support-3.0.5.RELEASE.jar:/home/russell/.m2/repository/org/springframework/spring-tx/3.0.5.RELEASE/spring-tx-3.0.5.RELEASE.jar:/home/russell/.m2/repository/org/springframework/spring-orm/3.0.5.RELEASE/spring-orm-3.0.5.RELEASE.jar:/home/russell/.m2/repository/org/springframework/spring-jdbc/3.0.5.RELEASE/spring-jdbc-3.0.5.RELEASE.jar:/home/russell/.m2/repository/org/springframework/spring-test/3.0.5.RELEASE/spring-test-3.0.5.RELEASE.jar:/home/russell/.m2/repository/org/springframework/security/spring-security-core/3.0.5.RELEASE/spring-security-core-3.0.5.RELEASE.jar:/home/russell/.m2/repository/org/aspectj/aspectjrt/1.6.8/aspectjrt-1.6.8.jar:/home/russell/.m2/repository/org/aspectj/aspectjweaver/1.6.8/aspectjweaver-1.6.8.jar:/home/russell/.m2/repository/org/springframework/security/spring-security-web/3.0.5.RELEASE/spring-security-web-3.0.5.RELEASE.jar:/home/russell/.m2/repository/org/springframework/security/spring-security-config/3.0.5.RELEASE/spring-security-config-3.0.5.RELEASE.jar:/home/russell/.m2/repository/org/springframework/webflow/spring-faces/2.3.0.RELEASE/spring-faces-2.3.0.RELEASE.jar:/home/russell/.m2/repository/org/springframework/webflow/spring-binding/2.3.0.RELEASE/spring-binding-2.3.0.RELEASE.jar:/home/russell/.m2/repository/org/springframework/webflow/spring-js/2.3.0.RELEASE/spring-js-2.3.0.RELEASE.jar:/home/russell/.m2/repository/org/springframework/webflow/spring-js-resources/2.3.0.RELEASE/spring-js-resources-2.3.0.RELEASE.jar:/home/russell/.m2/repository/org/springframework/webflow/spring-webflow/2.3.0.RELEASE/spring-webflow-2.3.0.RELEASE.jar:/home/russell/.m2/repository/org/apache/poi/poi/3.6/poi-3.6.jar:/home/russell/.m2/repository/com/lowagie/itext/2.1.7/itext-2.1.7.jar:/home/russell/.m2/repository/bouncycastle/bcmail-jdk14/138/bcmail-jdk14-138.jar:/home/russell/.m2/repository/bouncycastle/bcprov-jdk14/138/bcprov-jdk14-138.jar:/home/russell/.m2/repository/org/bouncycastle/bctsp-jdk14/1.38/bctsp-jdk14-1.38.jar:/home/russell/.m2/repository/org/bouncycastle/bcprov-jdk14/1.38/bcprov-jdk14-1.38.jar:/home/russell/.m2/repository/org/bouncycastle/bcmail-jdk14/1.38/bcmail-jdk14-1.38.jar:/home/russell/.m2/repository/org/primefaces/primefaces/3.0.M3/primefaces-3.0.M3.jar:/home/russell/.m2/repository/com/sun/faces/jsf-api/2.0.6/jsf-api-2.0.6.jar:/home/russell/.m2/repository/com/sun/faces/jsf-impl/2.0.6/jsf-impl-2.0.6.jar:/home/russell/.m2/repository/javax/servlet/servlet-api/2.5/servlet-api-2.5.jar:/home/russell/.m2/repository/javax/servlet/jsp/jsp-api/2.1/jsp-api-2.1.jar:/home/russell/.m2/repository/javax/servlet/jstl/1.2/jstl-1.2.jar:/home/russell/.m2/repository/mysql/mysql-connector-java/5.1.6/mysql-connector-java-5.1.6.jar:/home/russell/.m2/repository/org/hibernate/javax/persistence/hibernate-jpa-2.0-api/1.0.0.Final/hibernate-jpa-2.0-api-1.0.0.Final.jar:/home/russell/.m2/repository/org/hibernate/hibernate-core/3.5.5-Final/hibernate-core-3.5.5-Final.jar:/home/russell/.m2/repository/antlr/antlr/2.7.6/antlr-2.7.6.jar:/home/russell/.m2/repository/commons-collections/commons-collections/3.1/commons-collections-3.1.jar:/home/russell/.m2/repository/dom4j/dom4j/1.6.1/dom4j-1.6.1.jar:/home/russell/.m2/repository/xml-apis/xml-apis/1.0.b2/xml-apis-1.0.b2.jar:/home/russell/.m2/repository/javax/transaction/jta/1.1/jta-1.1.jar:/home/russell/.m2/repository/org/hibernate/hibernate-ehcache/3.5.5-Final/hibernate-ehcache-3.5.5-Final.jar:/home/russell/.m2/repository/net/sf/ehcache/ehcache/1.5.0/ehcache-1.5.0.jar:/home/russell/.m2/repository/backport-util-concurrent/backport-util-concurrent/3.1/backport-util-concurrent-3.1.jar:/home/russell/.m2/repository/net/sf/jsr107cache/jsr107cache/1.0/jsr107cache-1.0.jar:/home/russell/.m2/repository/org/hibernate/hibernate-jmx/3.5.5-Final/hibernate-jmx-3.5.5-Final.jar:/home/russell/.m2/repository/org/hibernate/hibernate-entitymanager/3.5.5-Final/hibernate-entitymanager-3.5.5-Final.jar:/home/russell/.m2/repository/cglib/cglib/2.2/cglib-2.2.jar:/home/russell/.m2/repository/asm/asm/3.1/asm-3.1.jar:/home/russell/.m2/repository/javassist/javassist/3.9.0.GA/javassist-3.9.0.GA.jar:/home/russell/.m2/repository/org/hibernate/hibernate-annotations/3.5.5-Final/hibernate-annotations-3.5.5-Final.jar:/home/russell/.m2/repository/org/hibernate/hibernate-commons-annotations/3.2.0.Final/hibernate-commons-annotations-3.2.0.Final.jar:/home/russell/.m2/repository/org/hibernate/hibernate-search/3.4.0.Final/hibernate-search-3.4.0.Final.jar:/home/russell/.m2/repository/org/hibernate/hibernate-search-analyzers/3.4.0.Final/hibernate-search-analyzers-3.4.0.Final.jar:/home/russell/.m2/repository/org/apache/lucene/lucene-analyzers/3.1.0/lucene-analyzers-3.1.0.jar:/home/russell/.m2/repository/org/apache/solr/solr-analysis-extras/3.1.0/solr-analysis-extras-3.1.0.jar:/home/russell/.m2/repository/org/apache/solr/solr-core/3.1.0/solr-core-3.1.0.jar:/home/russell/.m2/repository/org/apache/solr/solr-solrj/3.1.0/solr-solrj-3.1.0.jar:/home/russell/.m2/repository/org/apache/lucene/lucene-highlighter/3.1.0/lucene-highlighter-3.1.0.jar:/home/russell/.m2/repository/org/apache/lucene/lucene-memory/3.1.0/lucene-memory-3.1.0.jar:/home/russell/.m2/repository/org/apache/lucene/lucene-misc/3.1.0/lucene-misc-3.1.0.jar:/home/russell/.m2/repository/org/apache/lucene/lucene-spatial/3.1.0/lucene-spatial-3.1.0.jar:/home/russell/.m2/repository/org/apache/lucene/lucene-spellchecker/3.1.0/lucene-spellchecker-3.1.0.jar:/home/russell/.m2/repository/org/apache/solr/solr-commons-csv/3.1.0/solr-commons-csv-3.1.0.jar:/home/russell/.m2/repository/org/apache/lucene/lucene-smartcn/3.1.0/lucene-smartcn-3.1.0.jar:/home/russell/.m2/repository/org/apache/lucene/lucene-stempel/3.1.0/lucene-stempel-3.1.0.jar:/home/russell/.m2/repository/org/apache/lucene/lucene-core/3.1.0/lucene-core-3.1.0.jar:/home/russell/.m2/repository/cglib/cglib-nodep/2.1_3/cglib-nodep-2.1_3.jar:/home/russell/.m2/repository/commons-dbcp/commons-dbcp/1.4/commons-dbcp-1.4.jar:/home/russell/.m2/repository/commons-pool/commons-pool/1.5.4/commons-pool-1.5.4.jar:/home/russell/.m2/repository/javax/validation/validation-api/1.0.0.GA/validation-api-1.0.0.GA.jar:/home/russell/.m2/repository/org/hibernate/hibernate-validator/4.1.0.Final/hibernate-validator-4.1.0.Final.jar:/home/russell/.m2/repository/joda-time/joda-time/1.6.2/joda-time-1.6.2.jar:/home/russell/.m2/repository/joda-time/joda-time-hibernate/1.2/joda-time-hibernate-1.2.jar:/home/russell/.m2/repository/org/slf4j/slf4j-api/1.5.10/slf4j-api-1.5.10.jar:/home/russell/.m2/repository/org/slf4j/jcl-over-slf4j/1.5.10/jcl-over-slf4j-1.5.10.jar:/home/russell/.m2/repository/org/slf4j/slf4j-log4j12/1.5.10/slf4j-log4j12-1.5.10.jar:/home/russell/.m2/repository/log4j/log4j/1.2.16/log4j-1.2.16.jar:/home/russell/.m2/repository/junit/junit/4.8.2/junit-4.8.2.jar:/home/russell/.m2/repository/commons-io/commons-io/1.4/commons-io-1.4.jar:/home/russell/.m2/repository/commons-lang/commons-lang/2.5/commons-lang-2.5.jar:/home/russell/.m2/repository/commons-fileupload/commons-fileupload/1.2.1/commons-fileupload-1.2.1.jar:/home/russell/.m2/repository/commons-codec/commons-codec/1.4/commons-codec-1.4.jar:/home/russell/.m2/repository/commons-digester/commons-digester/2.0/commons-digester-2.0.jar:/home/russell/.m2/repository/commons-beanutils/commons-beanutils/1.8.0/commons-beanutils-1.8.0.jar:/home/russell/.m2/repository/java/image/scaling/0.8.4/scaling-0.8.4.jar:/home/russell/.m2/repository/java/image/filter/image-filter/1.0/image-filter-1.0.jar:/home/russell/.m2/repository/javax/mail/mail/1.4.1/mail-1.4.1.jar:/home/russell/.m2/repository/javax/activation/activation/1.1/activation-1.1.jar:/home/russell/.m2/repository/org/apache/velocity/velocity/1.6.4/velocity-1.6.4.jar:/home/russell/.m2/repository/oro/oro/2.0.8/oro-2.0.8.jar:"/>
    <property name="java.specification.name" value="Java Platform API Specification"/>
    <property name="java.class.version" value="50.0"/>
    <property name="sun.management.compiler" value="HotSpot 64-Bit Server Compiler"/>
    <property name="os.version" value="2.6.32-31-generic"/>
    <property name="user.home" value="/home/russell"/>
    <property name="user.timezone" value="Australia/Brisbane"/>
    <property name="java.awt.printerjob" value="sun.print.PSPrinterJob"/>
    <property name="file.encoding" value="UTF-8"/>
    <property name="java.specification.version" value="1.6"/>
    <property name="user.name" value="russell"/>
    <property name="java.class.path" value="/home/russell/workspace/adco-common/target/test-classes:/home/russell/workspace/adco-common/target/classes:/home/russell/.m2/repository/org/springframework/spring-core/3.0.5.RELEASE/spring-core-3.0.5.RELEASE.jar:/home/russell/.m2/repository/org/springframework/spring-asm/3.0.5.RELEASE/spring-asm-3.0.5.RELEASE.jar:/home/russell/.m2/repository/commons-logging/commons-logging/1.1.1/commons-logging-1.1.1.jar:/home/russell/.m2/repository/org/springframework/spring-beans/3.0.5.RELEASE/spring-beans-3.0.5.RELEASE.jar:/home/russell/.m2/repository/org/springframework/spring-web/3.0.5.RELEASE/spring-web-3.0.5.RELEASE.jar:/home/russell/.m2/repository/aopalliance/aopalliance/1.0/aopalliance-1.0.jar:/home/russell/.m2/repository/org/springframework/spring-webmvc/3.0.5.RELEASE/spring-webmvc-3.0.5.RELEASE.jar:/home/russell/.m2/repository/org/springframework/spring-expression/3.0.5.RELEASE/spring-expression-3.0.5.RELEASE.jar:/home/russell/.m2/repository/org/springframework/spring-context/3.0.5.RELEASE/spring-context-3.0.5.RELEASE.jar:/home/russell/.m2/repository/org/springframework/spring-aop/3.0.5.RELEASE/spring-aop-3.0.5.RELEASE.jar:/home/russell/.m2/repository/org/springframework/spring-context-support/3.0.5.RELEASE/spring-context-support-3.0.5.RELEASE.jar:/home/russell/.m2/repository/org/springframework/spring-tx/3.0.5.RELEASE/spring-tx-3.0.5.RELEASE.jar:/home/russell/.m2/repository/org/springframework/spring-orm/3.0.5.RELEASE/spring-orm-3.0.5.RELEASE.jar:/home/russell/.m2/repository/org/springframework/spring-jdbc/3.0.5.RELEASE/spring-jdbc-3.0.5.RELEASE.jar:/home/russell/.m2/repository/org/springframework/spring-test/3.0.5.RELEASE/spring-test-3.0.5.RELEASE.jar:/home/russell/.m2/repository/org/springframework/security/spring-security-core/3.0.5.RELEASE/spring-security-core-3.0.5.RELEASE.jar:/home/russell/.m2/repository/org/aspectj/aspectjrt/1.6.8/aspectjrt-1.6.8.jar:/home/russell/.m2/repository/org/aspectj/aspectjweaver/1.6.8/aspectjweaver-1.6.8.jar:/home/russell/.m2/repository/org/springframework/security/spring-security-web/3.0.5.RELEASE/spring-security-web-3.0.5.RELEASE.jar:/home/russell/.m2/repository/org/springframework/security/spring-security-config/3.0.5.RELEASE/spring-security-config-3.0.5.RELEASE.jar:/home/russell/.m2/repository/org/springframework/webflow/spring-faces/2.3.0.RELEASE/spring-faces-2.3.0.RELEASE.jar:/home/russell/.m2/repository/org/springframework/webflow/spring-binding/2.3.0.RELEASE/spring-binding-2.3.0.RELEASE.jar:/home/russell/.m2/repository/org/springframework/webflow/spring-js/2.3.0.RELEASE/spring-js-2.3.0.RELEASE.jar:/home/russell/.m2/repository/org/springframework/webflow/spring-js-resources/2.3.0.RELEASE/spring-js-resources-2.3.0.RELEASE.jar:/home/russell/.m2/repository/org/springframework/webflow/spring-webflow/2.3.0.RELEASE/spring-webflow-2.3.0.RELEASE.jar:/home/russell/.m2/repository/org/apache/poi/poi/3.6/poi-3.6.jar:/home/russell/.m2/repository/com/lowagie/itext/2.1.7/itext-2.1.7.jar:/home/russell/.m2/repository/bouncycastle/bcmail-jdk14/138/bcmail-jdk14-138.jar:/home/russell/.m2/repository/bouncycastle/bcprov-jdk14/138/bcprov-jdk14-138.jar:/home/russell/.m2/repository/org/bouncycastle/bctsp-jdk14/1.38/bctsp-jdk14-1.38.jar:/home/russell/.m2/repository/org/bouncycastle/bcprov-jdk14/1.38/bcprov-jdk14-1.38.jar:/home/russell/.m2/repository/org/bouncycastle/bcmail-jdk14/1.38/bcmail-jdk14-1.38.jar:/home/russell/.m2/repository/org/primefaces/primefaces/3.0.M3/primefaces-3.0.M3.jar:/home/russell/.m2/repository/com/sun/faces/jsf-api/2.0.6/jsf-api-2.0.6.jar:/home/russell/.m2/repository/com/sun/faces/jsf-impl/2.0.6/jsf-impl-2.0.6.jar:/home/russell/.m2/repository/javax/servlet/servlet-api/2.5/servlet-api-2.5.jar:/home/russell/.m2/repository/javax/servlet/jsp/jsp-api/2.1/jsp-api-2.1.jar:/home/russell/.m2/repository/javax/servlet/jstl/1.2/jstl-1.2.jar:/home/russell/.m2/repository/mysql/mysql-connector-java/5.1.6/mysql-connector-java-5.1.6.jar:/home/russell/.m2/repository/org/hibernate/javax/persistence/hibernate-jpa-2.0-api/1.0.0.Final/hibernate-jpa-2.0-api-1.0.0.Final.jar:/home/russell/.m2/repository/org/hibernate/hibernate-core/3.5.5-Final/hibernate-core-3.5.5-Final.jar:/home/russell/.m2/repository/antlr/antlr/2.7.6/antlr-2.7.6.jar:/home/russell/.m2/repository/commons-collections/commons-collections/3.1/commons-collections-3.1.jar:/home/russell/.m2/repository/dom4j/dom4j/1.6.1/dom4j-1.6.1.jar:/home/russell/.m2/repository/xml-apis/xml-apis/1.0.b2/xml-apis-1.0.b2.jar:/home/russell/.m2/repository/javax/transaction/jta/1.1/jta-1.1.jar:/home/russell/.m2/repository/org/hibernate/hibernate-ehcache/3.5.5-Final/hibernate-ehcache-3.5.5-Final.jar:/home/russell/.m2/repository/net/sf/ehcache/ehcache/1.5.0/ehcache-1.5.0.jar:/home/russell/.m2/repository/backport-util-concurrent/backport-util-concurrent/3.1/backport-util-concurrent-3.1.jar:/home/russell/.m2/repository/net/sf/jsr107cache/jsr107cache/1.0/jsr107cache-1.0.jar:/home/russell/.m2/repository/org/hibernate/hibernate-jmx/3.5.5-Final/hibernate-jmx-3.5.5-Final.jar:/home/russell/.m2/repository/org/hibernate/hibernate-entitymanager/3.5.5-Final/hibernate-entitymanager-3.5.5-Final.jar:/home/russell/.m2/repository/cglib/cglib/2.2/cglib-2.2.jar:/home/russell/.m2/repository/asm/asm/3.1/asm-3.1.jar:/home/russell/.m2/repository/javassist/javassist/3.9.0.GA/javassist-3.9.0.GA.jar:/home/russell/.m2/repository/org/hibernate/hibernate-annotations/3.5.5-Final/hibernate-annotations-3.5.5-Final.jar:/home/russell/.m2/repository/org/hibernate/hibernate-commons-annotations/3.2.0.Final/hibernate-commons-annotations-3.2.0.Final.jar:/home/russell/.m2/repository/org/hibernate/hibernate-search/3.4.0.Final/hibernate-search-3.4.0.Final.jar:/home/russell/.m2/repository/org/hibernate/hibernate-search-analyzers/3.4.0.Final/hibernate-search-analyzers-3.4.0.Final.jar:/home/russell/.m2/repository/org/apache/lucene/lucene-analyzers/3.1.0/lucene-analyzers-3.1.0.jar:/home/russell/.m2/repository/org/apache/solr/solr-analysis-extras/3.1.0/solr-analysis-extras-3.1.0.jar:/home/russell/.m2/repository/org/apache/solr/solr-core/3.1.0/solr-core-3.1.0.jar:/home/russell/.m2/repository/org/apache/solr/solr-solrj/3.1.0/solr-solrj-3.1.0.jar:/home/russell/.m2/repository/org/apache/lucene/lucene-highlighter/3.1.0/lucene-highlighter-3.1.0.jar:/home/russell/.m2/repository/org/apache/lucene/lucene-memory/3.1.0/lucene-memory-3.1.0.jar:/home/russell/.m2/repository/org/apache/lucene/lucene-misc/3.1.0/lucene-misc-3.1.0.jar:/home/russell/.m2/repository/org/apache/lucene/lucene-spatial/3.1.0/lucene-spatial-3.1.0.jar:/home/russell/.m2/repository/org/apache/lucene/lucene-spellchecker/3.1.0/lucene-spellchecker-3.1.0.jar:/home/russell/.m2/repository/org/apache/solr/solr-commons-csv/3.1.0/solr-commons-csv-3.1.0.jar:/home/russell/.m2/repository/org/apache/lucene/lucene-smartcn/3.1.0/lucene-smartcn-3.1.0.jar:/home/russell/.m2/repository/org/apache/lucene/lucene-stempel/3.1.0/lucene-stempel-3.1.0.jar:/home/russell/.m2/repository/org/apache/lucene/lucene-core/3.1.0/lucene-core-3.1.0.jar:/home/russell/.m2/repository/cglib/cglib-nodep/2.1_3/cglib-nodep-2.1_3.jar:/home/russell/.m2/repository/commons-dbcp/commons-dbcp/1.4/commons-dbcp-1.4.jar:/home/russell/.m2/repository/commons-pool/commons-pool/1.5.4/commons-pool-1.5.4.jar:/home/russell/.m2/repository/javax/validation/validation-api/1.0.0.GA/validation-api-1.0.0.GA.jar:/home/russell/.m2/repository/org/hibernate/hibernate-validator/4.1.0.Final/hibernate-validator-4.1.0.Final.jar:/home/russell/.m2/repository/joda-time/joda-time/1.6.2/joda-time-1.6.2.jar:/home/russell/.m2/repository/joda-time/joda-time-hibernate/1.2/joda-time-hibernate-1.2.jar:/home/russell/.m2/repository/org/slf4j/slf4j-api/1.5.10/slf4j-api-1.5.10.jar:/home/russell/.m2/repository/org/slf4j/jcl-over-slf4j/1.5.10/jcl-over-slf4j-1.5.10.jar:/home/russell/.m2/repository/org/slf4j/slf4j-log4j12/1.5.10/slf4j-log4j12-1.5.10.jar:/home/russell/.m2/repository/log4j/log4j/1.2.16/log4j-1.2.16.jar:/home/russell/.m2/repository/junit/junit/4.8.2/junit-4.8.2.jar:/home/russell/.m2/repository/commons-io/commons-io/1.4/commons-io-1.4.jar:/home/russell/.m2/repository/commons-lang/commons-lang/2.5/commons-lang-2.5.jar:/home/russell/.m2/repository/commons-fileupload/commons-fileupload/1.2.1/commons-fileupload-1.2.1.jar:/home/russell/.m2/repository/commons-codec/commons-codec/1.4/commons-codec-1.4.jar:/home/russell/.m2/repository/commons-digester/commons-digester/2.0/commons-digester-2.0.jar:/home/russell/.m2/repository/commons-beanutils/commons-beanutils/1.8.0/commons-beanutils-1.8.0.jar:/home/russell/.m2/repository/java/image/scaling/0.8.4/scaling-0.8.4.jar:/home/russell/.m2/repository/java/image/filter/image-filter/1.0/image-filter-1.0.jar:/home/russell/.m2/repository/javax/mail/mail/1.4.1/mail-1.4.1.jar:/home/russell/.m2/repository/javax/activation/activation/1.1/activation-1.1.jar:/home/russell/.m2/repository/org/apache/velocity/velocity/1.6.4/velocity-1.6.4.jar:/home/russell/.m2/repository/oro/oro/2.0.8/oro-2.0.8.jar:"/>
    <property name="java.vm.specification.version" value="1.0"/>
    <property name="sun.arch.data.model" value="64"/>
    <property name="java.home" value="/etc/jdk1.6.0_23/jre"/>
    <property name="java.specification.vendor" value="Sun Microsystems Inc."/>
    <property name="user.language" value="en"/>
    <property name="java.vm.info" value="mixed mode"/>
    <property name="java.version" value="1.6.0_23"/>
    <property name="java.ext.dirs" value="/etc/jdk1.6.0_23/jre/lib/ext:/usr/java/packages/lib/ext"/>
    <property name="sun.boot.class.path" value="/etc/jdk1.6.0_23/jre/lib/resources.jar:/etc/jdk1.6.0_23/jre/lib/rt.jar:/etc/jdk1.6.0_23/jre/lib/sunrsasign.jar:/etc/jdk1.6.0_23/jre/lib/jsse.jar:/etc/jdk1.6.0_23/jre/lib/jce.jar:/etc/jdk1.6.0_23/jre/lib/charsets.jar:/etc/jdk1.6.0_23/jre/lib/modules/jdk.boot.jar:/etc/jdk1.6.0_23/jre/classes"/>
    <property name="java.vendor" value="Sun Microsystems Inc."/>
    <property name="localRepository" value="/home/russell/.m2/repository"/>
    <property name="file.separator" value="/"/>
    <property name="java.vendor.url.bug" value="http://java.sun.com/cgi-bin/bugreport.cgi"/>
    <property name="sun.cpu.endian" value="little"/>
    <property name="sun.io.unicode.encoding" value="UnicodeLittle"/>
    <property name="sun.desktop" value="gnome"/>
    <property name="sun.cpu.isalist" value=""/>
  </properties>
  <testcase time="0.02" classname="adcowebsolutions.utils.ImageUtilsTest" name="testGetMimeFormatName"/>
</testsuite>